2022-01-18 14:41:59,892 DEBUG scheduler Queued events for site library.test
2022-01-18 14:43:00,159 DEBUG scheduler Queued events for site library.test
2022-01-18 14:44:00,586 DEBUG scheduler Queued events for site library.test
2022-01-18 14:44:00,603 INFO scheduler Scheduled Job Start: frappe.monitor.flush for library.test
2022-01-18 14:44:00,828 INFO scheduler Scheduled Job Complete: frappe.monitor.flush for library.test
2022-01-18 14:44:00,940 INFO scheduler Scheduled Job Start: frappe.utils.global_search.sync_global_search for library.test
2022-01-18 14:44:01,172 INFO scheduler Scheduled Job Complete: frappe.utils.global_search.sync_global_search for library.test
2022-01-18 14:44:01,266 INFO scheduler Scheduled Job Start: frappe.integrations.doctype.razorpay_settings.razorpay_settings.capture_payment for library.test
2022-01-18 14:44:01,636 INFO scheduler Scheduled Job Complete: frappe.integrations.doctype.razorpay_settings.razorpay_settings.capture_payment for library.test
2022-01-18 14:44:01,730 INFO scheduler Scheduled Job Start: frappe.email.doctype.email_account.email_account.notify_unreplied for library.test
2022-01-18 14:44:02,066 INFO scheduler Scheduled Job Complete: frappe.email.doctype.email_account.email_account.notify_unreplied for library.test
2022-01-18 14:44:02,164 INFO scheduler Scheduled Job Start: frappe.email.doctype.email_account.email_account.pull for library.test
2022-01-18 14:44:02,472 INFO scheduler Scheduled Job Complete: frappe.email.doctype.email_account.email_account.pull for library.test
2022-01-18 14:44:02,572 INFO scheduler Scheduled Job Start: frappe.email.queue.flush for library.test
2022-01-18 14:44:02,830 INFO scheduler Scheduled Job Complete: frappe.email.queue.flush for library.test
2022-01-18 14:45:00,960 DEBUG scheduler Queued events for site library.test
2022-01-18 14:45:01,014 INFO scheduler Scheduled Job Start: frappe.twofactor.delete_all_barcodes_for_users for library.test
2022-01-18 14:45:01,504 INFO scheduler Scheduled Job Complete: frappe.twofactor.delete_all_barcodes_for_users for library.test
2022-01-18 14:45:01,690 INFO scheduler Scheduled Job Start: frappe.website.doctype.web_page.web_page.check_publish_status for library.test
2022-01-18 14:45:02,095 INFO scheduler Scheduled Job Complete: frappe.website.doctype.web_page.web_page.check_publish_status for library.test
2022-01-18 14:45:02,205 INFO scheduler Scheduled Job Start: frappe.oauth.delete_oauth2_data for library.test
2022-01-18 14:45:02,536 INFO scheduler Scheduled Job Complete: frappe.oauth.delete_oauth2_data for library.test
2022-01-18 14:46:01,390 DEBUG scheduler Queued events for site library.test
2022-01-18 14:47:01,677 DEBUG scheduler Queued events for site library.test
2022-01-18 14:48:02,159 DEBUG scheduler Queued events for site library.test
2022-01-18 14:48:02,186 INFO scheduler Scheduled Job Start: frappe.monitor.flush for library.test
2022-01-18 14:48:02,572 INFO scheduler Scheduled Job Complete: frappe.monitor.flush for library.test
2022-01-18 14:48:02,669 INFO scheduler Scheduled Job Start: frappe.utils.global_search.sync_global_search for library.test
2022-01-18 14:48:02,890 INFO scheduler Scheduled Job Complete: frappe.utils.global_search.sync_global_search for library.test
2022-01-18 14:48:02,984 INFO scheduler Scheduled Job Start: frappe.integrations.doctype.razorpay_settings.razorpay_settings.capture_payment for library.test
2022-01-18 14:48:03,327 INFO scheduler Scheduled Job Complete: frappe.integrations.doctype.razorpay_settings.razorpay_settings.capture_payment for library.test
2022-01-18 14:48:03,419 INFO scheduler Scheduled Job Start: frappe.email.doctype.email_account.email_account.notify_unreplied for library.test
2022-01-18 14:48:03,688 INFO scheduler Scheduled Job Complete: frappe.email.doctype.email_account.email_account.notify_unreplied for library.test
2022-01-18 14:48:03,783 INFO scheduler Scheduled Job Start: frappe.email.doctype.email_account.email_account.pull for library.test
2022-01-18 14:48:04,095 INFO scheduler Scheduled Job Complete: frappe.email.doctype.email_account.email_account.pull for library.test
2022-01-18 14:48:04,185 INFO scheduler Scheduled Job Start: frappe.email.queue.flush for library.test
2022-01-18 14:48:04,436 INFO scheduler Scheduled Job Complete: frappe.email.queue.flush for library.test
2022-01-18 14:49:02,457 DEBUG scheduler Queued events for site library.test
2022-01-18 14:50:02,719 DEBUG scheduler Queued events for site library.test
2022-01-18 14:51:03,039 DEBUG scheduler Queued events for site library.test
2022-01-18 14:52:03,533 DEBUG scheduler Queued events for site library.test
2022-01-18 14:52:03,548 INFO scheduler Scheduled Job Start: frappe.monitor.flush for library.test
2022-01-18 14:52:03,788 INFO scheduler Scheduled Job Complete: frappe.monitor.flush for library.test
2022-01-18 14:52:03,883 INFO scheduler Scheduled Job Start: frappe.utils.global_search.sync_global_search for library.test
2022-01-18 14:52:04,109 INFO scheduler Scheduled Job Complete: frappe.utils.global_search.sync_global_search for library.test
2022-01-18 14:52:04,198 INFO scheduler Scheduled Job Start: frappe.integrations.doctype.razorpay_settings.razorpay_settings.capture_payment for library.test
2022-01-18 14:52:04,556 INFO scheduler Scheduled Job Complete: frappe.integrations.doctype.razorpay_settings.razorpay_settings.capture_payment for library.test
2022-01-18 14:52:04,658 INFO scheduler Scheduled Job Start: frappe.email.doctype.email_account.email_account.notify_unreplied for library.test
2022-01-18 14:52:04,928 INFO scheduler Scheduled Job Complete: frappe.email.doctype.email_account.email_account.notify_unreplied for library.test
2022-01-18 14:52:05,024 INFO scheduler Scheduled Job Start: frappe.email.doctype.email_account.email_account.pull for library.test
2022-01-18 14:52:05,315 INFO scheduler Scheduled Job Complete: frappe.email.doctype.email_account.email_account.pull for library.test
2022-01-18 14:52:05,422 INFO scheduler Scheduled Job Start: frappe.email.queue.flush for library.test
2022-01-18 14:52:05,672 INFO scheduler Scheduled Job Complete: frappe.email.queue.flush for library.test
2022-01-18 14:53:03,834 DEBUG scheduler Queued events for site library.test
2022-01-18 14:54:04,111 DEBUG scheduler Queued events for site library.test
2022-01-18 14:55:04,394 DEBUG scheduler Queued events for site library.test
2022-01-18 14:56:04,838 DEBUG scheduler Queued events for site library.test
2022-01-18 14:56:04,859 INFO scheduler Scheduled Job Start: frappe.monitor.flush for library.test
2022-01-18 14:56:05,098 INFO scheduler Scheduled Job Complete: frappe.monitor.flush for library.test
2022-01-18 14:56:05,189 INFO scheduler Scheduled Job Start: frappe.utils.global_search.sync_global_search for library.test
2022-01-18 14:56:05,405 INFO scheduler Scheduled Job Complete: frappe.utils.global_search.sync_global_search for library.test
2022-01-18 14:56:05,497 INFO scheduler Scheduled Job Start: frappe.integrations.doctype.razorpay_settings.razorpay_settings.capture_payment for library.test
2022-01-18 14:56:05,987 INFO scheduler Scheduled Job Complete: frappe.integrations.doctype.razorpay_settings.razorpay_settings.capture_payment for library.test
2022-01-18 14:56:06,089 INFO scheduler Scheduled Job Start: frappe.email.doctype.email_account.email_account.notify_unreplied for library.test
2022-01-18 14:56:06,366 INFO scheduler Scheduled Job Complete: frappe.email.doctype.email_account.email_account.notify_unreplied for library.test
2022-01-18 14:56:06,464 INFO scheduler Scheduled Job Start: frappe.email.doctype.email_account.email_account.pull for library.test
2022-01-18 14:56:06,767 INFO scheduler Scheduled Job Complete: frappe.email.doctype.email_account.email_account.pull for library.test
2022-01-18 14:56:06,877 INFO scheduler Scheduled Job Start: frappe.email.queue.flush for library.test
2022-01-18 14:56:07,140 INFO scheduler Scheduled Job Complete: frappe.email.queue.flush for library.test
2022-01-18 14:57:05,108 DEBUG scheduler Queued events for site library.test
2022-01-18 14:58:05,439 DEBUG scheduler Queued events for site library.test
2022-01-18 14:59:05,726 DEBUG scheduler Queued events for site library.test
2022-01-18 15:00:06,384 INFO scheduler Scheduled Job Start: frappe.email.doctype.newsletter.newsletter.send_scheduled_email for library.test
2022-01-18 15:00:06,706 DEBUG scheduler Queued events for site library.test
2022-01-18 15:00:07,046 INFO scheduler Scheduled Job Complete: frappe.email.doctype.newsletter.newsletter.send_scheduled_email for library.test
2022-01-18 15:00:07,168 INFO scheduler Scheduled Job Start: frappe.integrations.doctype.google_calendar.google_calendar.sync for library.test
2022-01-18 15:00:08,025 INFO scheduler Scheduled Job Complete: frappe.integrations.doctype.google_calendar.google_calendar.sync for library.test
2022-01-18 15:00:08,118 INFO scheduler Scheduled Job Start: frappe.desk.form.document_follow.send_hourly_updates for library.test
2022-01-18 15:00:08,578 INFO scheduler Scheduled Job Complete: frappe.desk.form.document_follow.send_hourly_updates for library.test
2022-01-18 15:00:08,784 INFO scheduler Scheduled Job Start: frappe.deferred_insert.save_to_db for library.test
2022-01-18 15:00:09,514 INFO scheduler Scheduled Job Complete: frappe.deferred_insert.save_to_db for library.test
2022-01-18 15:00:09,672 INFO scheduler Scheduled Job Start: frappe.desk.page.backups.backups.delete_downloadable_backups for library.test
2022-01-18 15:00:10,065 INFO scheduler Scheduled Job Complete: frappe.desk.page.backups.backups.delete_downloadable_backups for library.test
2022-01-18 15:00:10,172 INFO scheduler Scheduled Job Start: frappe.utils.error.collect_error_snapshots for library.test
2022-01-18 15:00:10,572 INFO scheduler Scheduled Job Complete: frappe.utils.error.collect_error_snapshots for library.test
2022-01-18 15:00:10,704 INFO scheduler Scheduled Job Start: frappe.model.utils.user_settings.sync_user_settings for library.test
2022-01-18 15:00:11,145 INFO scheduler Scheduled Job Complete: frappe.model.utils.user_settings.sync_user_settings for library.test
2022-01-18 15:00:11,256 INFO scheduler Scheduled Job Start: frappe.model.utils.link_count.update_link_count for library.test
2022-01-18 15:00:11,623 INFO scheduler Scheduled Job Complete: frappe.model.utils.link_count.update_link_count for library.test
2022-01-18 15:00:11,732 INFO scheduler Scheduled Job Start: frappe.monitor.flush for library.test
2022-01-18 15:00:12,004 INFO scheduler Scheduled Job Complete: frappe.monitor.flush for library.test
2022-01-18 15:00:12,102 INFO scheduler Scheduled Job Start: frappe.utils.global_search.sync_global_search for library.test
2022-01-18 15:00:12,358 INFO scheduler Scheduled Job Complete: frappe.utils.global_search.sync_global_search for library.test
2022-01-18 15:00:12,456 INFO scheduler Scheduled Job Start: frappe.integrations.doctype.razorpay_settings.razorpay_settings.capture_payment for library.test
2022-01-18 15:00:12,804 INFO scheduler Scheduled Job Complete: frappe.integrations.doctype.razorpay_settings.razorpay_settings.capture_payment for library.test
2022-01-18 15:00:12,904 INFO scheduler Scheduled Job Start: frappe.email.doctype.email_account.email_account.notify_unreplied for library.test
2022-01-18 15:00:13,186 INFO scheduler Scheduled Job Complete: frappe.email.doctype.email_account.email_account.notify_unreplied for library.test
2022-01-18 15:00:13,284 INFO scheduler Scheduled Job Start: frappe.email.doctype.email_account.email_account.pull for library.test
2022-01-18 15:00:13,629 INFO scheduler Scheduled Job Complete: frappe.email.doctype.email_account.email_account.pull for library.test
2022-01-18 15:00:13,728 INFO scheduler Scheduled Job Start: frappe.email.queue.flush for library.test
2022-01-18 15:00:13,976 INFO scheduler Scheduled Job Complete: frappe.email.queue.flush for library.test
2022-01-18 15:00:14,075 INFO scheduler Scheduled Job Start: frappe.twofactor.delete_all_barcodes_for_users for library.test
2022-01-18 15:00:14,439 INFO scheduler Scheduled Job Complete: frappe.twofactor.delete_all_barcodes_for_users for library.test
2022-01-18 15:00:14,537 INFO scheduler Scheduled Job Start: frappe.website.doctype.web_page.web_page.check_publish_status for library.test
2022-01-18 15:00:14,936 INFO scheduler Scheduled Job Complete: frappe.website.doctype.web_page.web_page.check_publish_status for library.test
2022-01-18 15:00:15,034 INFO scheduler Scheduled Job Start: frappe.oauth.delete_oauth2_data for library.test
2022-01-18 15:00:15,450 INFO scheduler Scheduled Job Complete: frappe.oauth.delete_oauth2_data for library.test
2022-01-18 15:01:07,027 DEBUG scheduler Queued events for site library.test
2022-01-18 15:02:07,310 DEBUG scheduler Queued events for site library.test
2022-01-18 15:03:07,601 DEBUG scheduler Queued events for site library.test
2022-01-18 15:04:08,181 DEBUG scheduler Queued events for site library.test
2022-01-18 15:04:08,202 INFO scheduler Scheduled Job Start: frappe.monitor.flush for library.test
2022-01-18 15:04:08,618 INFO scheduler Scheduled Job Complete: frappe.monitor.flush for library.test
2022-01-18 15:04:08,715 INFO scheduler Scheduled Job Start: frappe.utils.global_search.sync_global_search for library.test
2022-01-18 15:04:09,050 INFO scheduler Scheduled Job Complete: frappe.utils.global_search.sync_global_search for library.test
2022-01-18 15:04:09,249 INFO scheduler Scheduled Job Start: frappe.integrations.doctype.razorpay_settings.razorpay_settings.capture_payment for library.test
2022-01-18 15:04:09,796 INFO scheduler Scheduled Job Complete: frappe.integrations.doctype.razorpay_settings.razorpay_settings.capture_payment for library.test
2022-01-18 15:04:09,950 INFO scheduler Scheduled Job Start: frappe.email.doctype.email_account.email_account.notify_unreplied for library.test
2022-01-18 15:04:10,270 INFO scheduler Scheduled Job Complete: frappe.email.doctype.email_account.email_account.notify_unreplied for library.test
2022-01-18 15:04:10,412 INFO scheduler Scheduled Job Start: frappe.email.doctype.email_account.email_account.pull for library.test
2022-01-18 15:04:10,976 INFO scheduler Scheduled Job Complete: frappe.email.doctype.email_account.email_account.pull for library.test
2022-01-18 15:04:11,105 INFO scheduler Scheduled Job Start: frappe.email.queue.flush for library.test
2022-01-18 15:04:11,454 INFO scheduler Scheduled Job Complete: frappe.email.queue.flush for library.test
2022-01-18 15:05:09,087 DEBUG scheduler Queued events for site library.test
2022-01-18 15:06:09,823 DEBUG scheduler Queued events for site library.test
2022-01-18 15:07:10,102 DEBUG scheduler Queued events for site library.test
2022-01-18 15:08:10,524 DEBUG scheduler Queued events for site library.test
2022-01-18 15:08:10,540 INFO scheduler Scheduled Job Start: frappe.monitor.flush for library.test
2022-01-18 15:08:10,785 INFO scheduler Scheduled Job Complete: frappe.monitor.flush for library.test
2022-01-18 15:08:10,884 INFO scheduler Scheduled Job Start: frappe.utils.global_search.sync_global_search for library.test
2022-01-18 15:08:11,150 INFO scheduler Scheduled Job Complete: frappe.utils.global_search.sync_global_search for library.test
2022-01-18 15:08:11,337 INFO scheduler Scheduled Job Start: frappe.integrations.doctype.razorpay_settings.razorpay_settings.capture_payment for library.test
2022-01-18 15:08:11,753 INFO scheduler Scheduled Job Complete: frappe.integrations.doctype.razorpay_settings.razorpay_settings.capture_payment for library.test
2022-01-18 15:08:11,836 INFO scheduler Scheduled Job Start: frappe.email.doctype.email_account.email_account.notify_unreplied for library.test
2022-01-18 15:08:12,129 INFO scheduler Scheduled Job Complete: frappe.email.doctype.email_account.email_account.notify_unreplied for library.test
2022-01-18 15:08:12,227 INFO scheduler Scheduled Job Start: frappe.email.doctype.email_account.email_account.pull for library.test
2022-01-18 15:08:12,517 INFO scheduler Scheduled Job Complete: frappe.email.doctype.email_account.email_account.pull for library.test
2022-01-18 15:08:12,617 INFO scheduler Scheduled Job Start: frappe.email.queue.flush for library.test
2022-01-18 15:08:12,867 INFO scheduler Scheduled Job Complete: frappe.email.queue.flush for library.test
2022-01-18 15:09:10,844 DEBUG scheduler Queued events for site library.test
2022-01-18 15:10:11,829 DEBUG scheduler Queued events for site library.test
2022-01-18 15:11:12,139 DEBUG scheduler Queued events for site library.test
2022-01-18 15:12:12,726 DEBUG scheduler Queued events for site library.test
2022-01-18 15:12:12,735 INFO scheduler Scheduled Job Start: frappe.monitor.flush for library.test
2022-01-18 15:12:13,011 INFO scheduler Scheduled Job Complete: frappe.monitor.flush for library.test
2022-01-18 15:12:13,107 INFO scheduler Scheduled Job Start: frappe.utils.global_search.sync_global_search for library.test
2022-01-18 15:12:13,342 INFO scheduler Scheduled Job Complete: frappe.utils.global_search.sync_global_search for library.test
2022-01-18 15:12:13,480 INFO scheduler Scheduled Job Start: frappe.integrations.doctype.razorpay_settings.razorpay_settings.capture_payment for library.test
2022-01-18 15:12:14,085 INFO scheduler Scheduled Job Complete: frappe.integrations.doctype.razorpay_settings.razorpay_settings.capture_payment for library.test
2022-01-18 15:12:14,272 INFO scheduler Scheduled Job Start: frappe.email.doctype.email_account.email_account.notify_unreplied for library.test
2022-01-18 15:12:14,815 INFO scheduler Scheduled Job Complete: frappe.email.doctype.email_account.email_account.notify_unreplied for library.test
2022-01-18 15:12:14,913 INFO scheduler Scheduled Job Start: frappe.email.doctype.email_account.email_account.pull for library.test
2022-01-18 15:12:15,265 INFO scheduler Scheduled Job Complete: frappe.email.doctype.email_account.email_account.pull for library.test
2022-01-18 15:12:15,414 INFO scheduler Scheduled Job Start: frappe.email.queue.flush for library.test
2022-01-18 15:12:15,692 INFO scheduler Scheduled Job Complete: frappe.email.queue.flush for library.test
2022-01-18 15:13:13,033 DEBUG scheduler Queued events for site library.test
2022-01-18 15:14:14,083 DEBUG scheduler Queued events for site library.test
2022-01-18 15:15:14,438 DEBUG scheduler Queued events for site library.test
2022-01-18 15:15:14,489 INFO scheduler Scheduled Job Start: frappe.twofactor.delete_all_barcodes_for_users for library.test
2022-01-18 15:15:14,868 INFO scheduler Scheduled Job Complete: frappe.twofactor.delete_all_barcodes_for_users for library.test
2022-01-18 15:15:15,055 INFO scheduler Scheduled Job Start: frappe.website.doctype.web_page.web_page.check_publish_status for library.test
2022-01-18 15:15:15,589 INFO scheduler Scheduled Job Complete: frappe.website.doctype.web_page.web_page.check_publish_status for library.test
2022-01-18 15:15:15,731 INFO scheduler Scheduled Job Start: frappe.oauth.delete_oauth2_data for library.test
2022-01-18 15:15:16,161 INFO scheduler Scheduled Job Complete: frappe.oauth.delete_oauth2_data for library.test
2022-01-18 15:16:14,897 DEBUG scheduler Queued events for site library.test
2022-01-18 15:16:14,919 INFO scheduler Scheduled Job Start: frappe.monitor.flush for library.test
2022-01-18 15:16:15,154 INFO scheduler Scheduled Job Complete: frappe.monitor.flush for library.test
2022-01-18 15:16:15,255 INFO scheduler Scheduled Job Start: frappe.utils.global_search.sync_global_search for library.test
2022-01-18 15:16:15,479 INFO scheduler Scheduled Job Complete: frappe.utils.global_search.sync_global_search for library.test
2022-01-18 15:16:15,569 INFO scheduler Scheduled Job Start: frappe.integrations.doctype.razorpay_settings.razorpay_settings.capture_payment for library.test
2022-01-18 15:16:15,935 INFO scheduler Scheduled Job Complete: frappe.integrations.doctype.razorpay_settings.razorpay_settings.capture_payment for library.test
2022-01-18 15:16:16,026 INFO scheduler Scheduled Job Start: frappe.email.doctype.email_account.email_account.notify_unreplied for library.test
2022-01-18 15:16:16,300 INFO scheduler Scheduled Job Complete: frappe.email.doctype.email_account.email_account.notify_unreplied for library.test
2022-01-18 15:16:16,399 INFO scheduler Scheduled Job Start: frappe.email.doctype.email_account.email_account.pull for library.test
2022-01-18 15:16:16,695 INFO scheduler Scheduled Job Complete: frappe.email.doctype.email_account.email_account.pull for library.test
2022-01-18 15:16:16,809 INFO scheduler Scheduled Job Start: frappe.email.queue.flush for library.test
2022-01-18 15:16:17,062 INFO scheduler Scheduled Job Complete: frappe.email.queue.flush for library.test
2022-01-18 15:17:15,232 DEBUG scheduler Queued events for site library.test
2022-01-18 15:18:15,499 DEBUG scheduler Queued events for site library.test
2022-01-18 15:19:15,756 DEBUG scheduler Queued events for site library.test
2022-01-18 15:20:16,435 DEBUG scheduler Queued events for site library.test
2022-01-18 15:20:16,458 INFO scheduler Scheduled Job Start: frappe.monitor.flush for library.test
2022-01-18 15:20:16,718 INFO scheduler Scheduled Job Complete: frappe.monitor.flush for library.test
2022-01-18 15:20:16,943 INFO scheduler Scheduled Job Start: frappe.utils.global_search.sync_global_search for library.test
2022-01-18 15:20:17,386 INFO scheduler Scheduled Job Complete: frappe.utils.global_search.sync_global_search for library.test
2022-01-18 15:20:17,496 INFO scheduler Scheduled Job Start: frappe.integrations.doctype.razorpay_settings.razorpay_settings.capture_payment for library.test
2022-01-18 15:20:17,900 INFO scheduler Scheduled Job Complete: frappe.integrations.doctype.razorpay_settings.razorpay_settings.capture_payment for library.test
2022-01-18 15:20:18,115 INFO scheduler Scheduled Job Start: frappe.email.doctype.email_account.email_account.notify_unreplied for library.test
2022-01-18 15:20:18,460 INFO scheduler Scheduled Job Complete: frappe.email.doctype.email_account.email_account.notify_unreplied for library.test
2022-01-18 15:20:18,565 INFO scheduler Scheduled Job Start: frappe.email.doctype.email_account.email_account.pull for library.test
2022-01-18 15:20:18,948 INFO scheduler Scheduled Job Complete: frappe.email.doctype.email_account.email_account.pull for library.test
2022-01-18 15:20:19,067 INFO scheduler Scheduled Job Start: frappe.email.queue.flush for library.test
2022-01-18 15:20:19,343 INFO scheduler Scheduled Job Complete: frappe.email.queue.flush for library.test
2022-01-18 15:21:16,729 DEBUG scheduler Queued events for site library.test
2022-01-18 15:22:17,033 DEBUG scheduler Queued events for site library.test
2022-01-18 15:23:17,285 DEBUG scheduler Queued events for site library.test
2022-01-18 15:24:17,774 DEBUG scheduler Queued events for site library.test
2022-01-18 15:24:17,807 INFO scheduler Scheduled Job Start: frappe.monitor.flush for library.test
2022-01-18 15:24:18,145 INFO scheduler Scheduled Job Complete: frappe.monitor.flush for library.test
2022-01-18 15:24:18,237 INFO scheduler Scheduled Job Start: frappe.utils.global_search.sync_global_search for library.test
2022-01-18 15:24:18,446 INFO scheduler Scheduled Job Complete: frappe.utils.global_search.sync_global_search for library.test
2022-01-18 15:24:18,532 INFO scheduler Scheduled Job Start: frappe.integrations.doctype.razorpay_settings.razorpay_settings.capture_payment for library.test
2022-01-18 15:24:19,038 INFO scheduler Scheduled Job Complete: frappe.integrations.doctype.razorpay_settings.razorpay_settings.capture_payment for library.test
2022-01-18 15:24:19,167 INFO scheduler Scheduled Job Start: frappe.email.doctype.email_account.email_account.notify_unreplied for library.test
2022-01-18 15:24:19,558 INFO scheduler Scheduled Job Complete: frappe.email.doctype.email_account.email_account.notify_unreplied for library.test
2022-01-18 15:24:19,674 INFO scheduler Scheduled Job Start: frappe.email.doctype.email_account.email_account.pull for library.test
2022-01-18 15:24:20,035 INFO scheduler Scheduled Job Complete: frappe.email.doctype.email_account.email_account.pull for library.test
2022-01-18 15:24:20,158 INFO scheduler Scheduled Job Start: frappe.email.queue.flush for library.test
2022-01-18 15:24:20,463 INFO scheduler Scheduled Job Complete: frappe.email.queue.flush for library.test
2022-01-18 15:25:18,201 DEBUG scheduler Queued events for site library.test
2022-01-18 15:26:19,055 DEBUG scheduler Queued events for site library.test
2022-01-18 15:27:19,503 DEBUG scheduler Queued events for site library.test
2022-01-18 15:28:20,046 DEBUG scheduler Queued events for site library.test
2022-01-18 15:28:20,066 INFO scheduler Scheduled Job Start: frappe.monitor.flush for library.test
2022-01-18 15:28:20,677 INFO scheduler Scheduled Job Complete: frappe.monitor.flush for library.test
2022-01-18 15:28:20,828 INFO scheduler Scheduled Job Start: frappe.utils.global_search.sync_global_search for library.test
2022-01-18 15:28:21,184 INFO scheduler Scheduled Job Complete: frappe.utils.global_search.sync_global_search for library.test
2022-01-18 15:28:21,329 INFO scheduler Scheduled Job Start: frappe.integrations.doctype.razorpay_settings.razorpay_settings.capture_payment for library.test
2022-01-18 15:28:21,804 INFO scheduler Scheduled Job Complete: frappe.integrations.doctype.razorpay_settings.razorpay_settings.capture_payment for library.test
2022-01-18 15:28:21,910 INFO scheduler Scheduled Job Start: frappe.email.doctype.email_account.email_account.notify_unreplied for library.test
2022-01-18 15:28:22,350 INFO scheduler Scheduled Job Complete: frappe.email.doctype.email_account.email_account.notify_unreplied for library.test
2022-01-18 15:28:22,508 INFO scheduler Scheduled Job Start: frappe.email.doctype.email_account.email_account.pull for library.test
2022-01-18 15:28:22,888 INFO scheduler Scheduled Job Complete: frappe.email.doctype.email_account.email_account.pull for library.test
2022-01-18 15:28:23,033 INFO scheduler Scheduled Job Start: frappe.email.queue.flush for library.test
2022-01-18 15:28:23,573 INFO scheduler Scheduled Job Complete: frappe.email.queue.flush for library.test
2022-01-18 15:29:20,357 DEBUG scheduler Queued events for site library.test
2022-01-18 15:30:21,096 DEBUG scheduler Queued events for site library.test
2022-01-18 15:30:21,252 INFO scheduler Scheduled Job Start: frappe.twofactor.delete_all_barcodes_for_users for library.test
2022-01-18 15:30:21,825 INFO scheduler Scheduled Job Complete: frappe.twofactor.delete_all_barcodes_for_users for library.test
2022-01-18 15:30:21,926 INFO scheduler Scheduled Job Start: frappe.website.doctype.web_page.web_page.check_publish_status for library.test
2022-01-18 15:30:22,595 INFO scheduler Scheduled Job Complete: frappe.website.doctype.web_page.web_page.check_publish_status for library.test
2022-01-18 15:30:22,822 INFO scheduler Scheduled Job Start: frappe.oauth.delete_oauth2_data for library.test
2022-01-18 15:30:23,463 INFO scheduler Scheduled Job Complete: frappe.oauth.delete_oauth2_data for library.test
2022-01-18 15:31:21,486 DEBUG scheduler Queued events for site library.test
2022-01-18 15:32:22,099 DEBUG scheduler Queued events for site library.test
2022-01-18 15:32:22,109 INFO scheduler Scheduled Job Start: frappe.monitor.flush for library.test
2022-01-18 15:32:22,480 INFO scheduler Scheduled Job Complete: frappe.monitor.flush for library.test
2022-01-18 15:32:22,664 INFO scheduler Scheduled Job Start: frappe.utils.global_search.sync_global_search for library.test
2022-01-18 15:32:23,021 INFO scheduler Scheduled Job Complete: frappe.utils.global_search.sync_global_search for library.test
2022-01-18 15:32:23,123 INFO scheduler Scheduled Job Start: frappe.integrations.doctype.razorpay_settings.razorpay_settings.capture_payment for library.test
2022-01-18 15:32:23,608 INFO scheduler Scheduled Job Complete: frappe.integrations.doctype.razorpay_settings.razorpay_settings.capture_payment for library.test
2022-01-18 15:32:23,784 INFO scheduler Scheduled Job Start: frappe.email.doctype.email_account.email_account.notify_unreplied for library.test
2022-01-18 15:32:24,266 INFO scheduler Scheduled Job Complete: frappe.email.doctype.email_account.email_account.notify_unreplied for library.test
2022-01-18 15:32:24,414 INFO scheduler Scheduled Job Start: frappe.email.doctype.email_account.email_account.pull for library.test
2022-01-18 15:32:24,878 INFO scheduler Scheduled Job Complete: frappe.email.doctype.email_account.email_account.pull for library.test
2022-01-18 15:32:25,036 INFO scheduler Scheduled Job Start: frappe.email.queue.flush for library.test
2022-01-18 15:32:25,486 INFO scheduler Scheduled Job Complete: frappe.email.queue.flush for library.test
2022-01-18 15:33:22,560 DEBUG scheduler Queued events for site library.test
2022-01-18 15:34:22,837 DEBUG scheduler Queued events for site library.test
2022-01-18 15:35:23,138 DEBUG scheduler Queued events for site library.test
2022-01-18 15:36:23,695 DEBUG scheduler Queued events for site library.test
2022-01-18 15:36:23,733 INFO scheduler Scheduled Job Start: frappe.monitor.flush for library.test
2022-01-18 15:36:24,265 INFO scheduler Scheduled Job Complete: frappe.monitor.flush for library.test
2022-01-18 15:36:24,434 INFO scheduler Scheduled Job Start: frappe.utils.global_search.sync_global_search for library.test
2022-01-18 15:36:24,764 INFO scheduler Scheduled Job Complete: frappe.utils.global_search.sync_global_search for library.test
2022-01-18 15:36:24,941 INFO scheduler Scheduled Job Start: frappe.integrations.doctype.razorpay_settings.razorpay_settings.capture_payment for library.test
2022-01-18 15:36:25,458 INFO scheduler Scheduled Job Complete: frappe.integrations.doctype.razorpay_settings.razorpay_settings.capture_payment for library.test
2022-01-18 15:36:25,565 INFO scheduler Scheduled Job Start: frappe.email.doctype.email_account.email_account.notify_unreplied for library.test
2022-01-18 15:36:25,889 INFO scheduler Scheduled Job Complete: frappe.email.doctype.email_account.email_account.notify_unreplied for library.test
2022-01-18 15:36:26,006 INFO scheduler Scheduled Job Start: frappe.email.doctype.email_account.email_account.pull for library.test
2022-01-18 15:36:26,311 INFO scheduler Scheduled Job Complete: frappe.email.doctype.email_account.email_account.pull for library.test
2022-01-18 15:36:26,427 INFO scheduler Scheduled Job Start: frappe.email.queue.flush for library.test
2022-01-18 15:36:26,730 INFO scheduler Scheduled Job Complete: frappe.email.queue.flush for library.test
2022-01-18 15:37:24,463 DEBUG scheduler Queued events for site library.test
2022-01-18 15:38:24,777 DEBUG scheduler Queued events for site library.test
2022-01-18 15:39:25,066 DEBUG scheduler Queued events for site library.test
2022-01-18 15:40:26,246 DEBUG scheduler Queued events for site library.test
2022-01-18 15:40:26,260 INFO scheduler Scheduled Job Start: frappe.monitor.flush for library.test
2022-01-18 15:40:27,158 INFO scheduler Scheduled Job Complete: frappe.monitor.flush for library.test
2022-01-18 15:40:27,406 INFO scheduler Scheduled Job Start: frappe.utils.global_search.sync_global_search for library.test
2022-01-18 15:40:28,085 INFO scheduler Scheduled Job Complete: frappe.utils.global_search.sync_global_search for library.test
2022-01-18 15:40:28,345 INFO scheduler Scheduled Job Start: frappe.integrations.doctype.razorpay_settings.razorpay_settings.capture_payment for library.test
2022-01-18 15:40:29,287 INFO scheduler Scheduled Job Complete: frappe.integrations.doctype.razorpay_settings.razorpay_settings.capture_payment for library.test
2022-01-18 15:40:29,497 INFO scheduler Scheduled Job Start: frappe.email.doctype.email_account.email_account.notify_unreplied for library.test
2022-01-18 15:40:30,262 INFO scheduler Scheduled Job Complete: frappe.email.doctype.email_account.email_account.notify_unreplied for library.test
2022-01-18 15:40:30,612 INFO scheduler Scheduled Job Start: frappe.email.doctype.email_account.email_account.pull for library.test
2022-01-18 15:40:31,539 INFO scheduler Scheduled Job Complete: frappe.email.doctype.email_account.email_account.pull for library.test
2022-01-18 15:40:31,760 INFO scheduler Scheduled Job Start: frappe.email.queue.flush for library.test
2022-01-18 15:40:32,407 INFO scheduler Scheduled Job Complete: frappe.email.queue.flush for library.test
2022-01-18 15:41:27,281 DEBUG scheduler Queued events for site library.test
2022-01-18 15:42:28,085 DEBUG scheduler Queued events for site library.test
2022-01-18 15:43:28,350 DEBUG scheduler Queued events for site library.test
2022-01-18 15:44:28,813 DEBUG scheduler Queued events for site library.test
2022-01-18 15:44:28,842 INFO scheduler Scheduled Job Start: frappe.monitor.flush for library.test
2022-01-18 15:44:29,165 INFO scheduler Scheduled Job Complete: frappe.monitor.flush for library.test
2022-01-18 15:44:29,291 INFO scheduler Scheduled Job Start: frappe.utils.global_search.sync_global_search for library.test
2022-01-18 15:44:29,709 INFO scheduler Scheduled Job Complete: frappe.utils.global_search.sync_global_search for library.test
2022-01-18 15:44:29,810 INFO scheduler Scheduled Job Start: frappe.integrations.doctype.razorpay_settings.razorpay_settings.capture_payment for library.test
2022-01-18 15:44:30,192 INFO scheduler Scheduled Job Complete: frappe.integrations.doctype.razorpay_settings.razorpay_settings.capture_payment for library.test
2022-01-18 15:44:30,298 INFO scheduler Scheduled Job Start: frappe.email.doctype.email_account.email_account.notify_unreplied for library.test
2022-01-18 15:44:30,622 INFO scheduler Scheduled Job Complete: frappe.email.doctype.email_account.email_account.notify_unreplied for library.test
2022-01-18 15:44:30,722 INFO scheduler Scheduled Job Start: frappe.email.doctype.email_account.email_account.pull for library.test
2022-01-18 15:44:31,025 INFO scheduler Scheduled Job Complete: frappe.email.doctype.email_account.email_account.pull for library.test
2022-01-18 15:44:31,135 INFO scheduler Scheduled Job Start: frappe.email.queue.flush for library.test
2022-01-18 15:44:31,402 INFO scheduler Scheduled Job Complete: frappe.email.queue.flush for library.test
2022-01-18 15:45:29,342 DEBUG scheduler Queued events for site library.test
2022-01-18 15:45:29,436 INFO scheduler Scheduled Job Start: frappe.twofactor.delete_all_barcodes_for_users for library.test
2022-01-18 15:45:29,924 INFO scheduler Scheduled Job Complete: frappe.twofactor.delete_all_barcodes_for_users for library.test
2022-01-18 15:45:30,027 INFO scheduler Scheduled Job Start: frappe.website.doctype.web_page.web_page.check_publish_status for library.test
2022-01-18 15:45:30,727 INFO scheduler Scheduled Job Complete: frappe.website.doctype.web_page.web_page.check_publish_status for library.test
2022-01-18 15:45:30,861 INFO scheduler Scheduled Job Start: frappe.oauth.delete_oauth2_data for library.test
2022-01-18 15:45:31,471 INFO scheduler Scheduled Job Complete: frappe.oauth.delete_oauth2_data for library.test
2022-01-18 15:46:29,670 DEBUG scheduler Queued events for site library.test
2022-01-18 15:47:30,270 DEBUG scheduler Queued events for site library.test
2022-01-18 15:48:30,721 DEBUG scheduler Queued events for site library.test
2022-01-18 15:48:30,740 INFO scheduler Scheduled Job Start: frappe.monitor.flush for library.test
2022-01-18 15:48:30,990 INFO scheduler Scheduled Job Complete: frappe.monitor.flush for library.test
2022-01-18 15:48:31,105 INFO scheduler Scheduled Job Start: frappe.utils.global_search.sync_global_search for library.test
2022-01-18 15:48:31,330 INFO scheduler Scheduled Job Complete: frappe.utils.global_search.sync_global_search for library.test
2022-01-18 15:48:31,432 INFO scheduler Scheduled Job Start: frappe.integrations.doctype.razorpay_settings.razorpay_settings.capture_payment for library.test
2022-01-18 15:48:31,850 INFO scheduler Scheduled Job Complete: frappe.integrations.doctype.razorpay_settings.razorpay_settings.capture_payment for library.test
2022-01-18 15:48:31,946 INFO scheduler Scheduled Job Start: frappe.email.doctype.email_account.email_account.notify_unreplied for library.test
2022-01-18 15:48:32,412 INFO scheduler Scheduled Job Complete: frappe.email.doctype.email_account.email_account.notify_unreplied for library.test
2022-01-18 15:48:32,645 INFO scheduler Scheduled Job Start: frappe.email.doctype.email_account.email_account.pull for library.test
2022-01-18 15:48:33,236 INFO scheduler Scheduled Job Complete: frappe.email.doctype.email_account.email_account.pull for library.test
2022-01-18 15:48:33,337 INFO scheduler Scheduled Job Start: frappe.email.queue.flush for library.test
2022-01-18 15:48:33,610 INFO scheduler Scheduled Job Complete: frappe.email.queue.flush for library.test
