2022-01-18 11:12:00,997 DEBUG scheduler Queued events for site erp.thanhtin.com
2022-01-18 11:12:01,444 INFO scheduler Scheduled Job Start: frappe.desk.notifications.clear_notifications for erp.thanhtin.com
2022-01-18 11:12:02,200 INFO scheduler Scheduled Job Complete: frappe.desk.notifications.clear_notifications for erp.thanhtin.com
2022-01-18 11:12:02,344 INFO scheduler Scheduled Job Start: frappe.email.queue.set_expiry_for_email_queue for erp.thanhtin.com
2022-01-18 11:12:02,957 INFO scheduler Scheduled Job Complete: frappe.email.queue.set_expiry_for_email_queue for erp.thanhtin.com
2022-01-18 11:12:03,137 INFO scheduler Scheduled Job Start: frappe.email.doctype.newsletter.newsletter.send_scheduled_email for erp.thanhtin.com
2022-01-18 11:12:04,170 INFO scheduler Scheduled Job Complete: frappe.email.doctype.newsletter.newsletter.send_scheduled_email for erp.thanhtin.com
2022-01-18 11:12:04,285 INFO scheduler Scheduled Job Start: frappe.integrations.doctype.google_calendar.google_calendar.sync for erp.thanhtin.com
2022-01-18 11:12:05,240 INFO scheduler Scheduled Job Complete: frappe.integrations.doctype.google_calendar.google_calendar.sync for erp.thanhtin.com
2022-01-18 11:12:05,380 INFO scheduler Scheduled Job Start: frappe.desk.form.document_follow.send_hourly_updates for erp.thanhtin.com
2022-01-18 11:12:05,899 INFO scheduler Scheduled Job Complete: frappe.desk.form.document_follow.send_hourly_updates for erp.thanhtin.com
2022-01-18 11:12:06,041 INFO scheduler Scheduled Job Start: frappe.deferred_insert.save_to_db for erp.thanhtin.com
2022-01-18 11:12:06,376 INFO scheduler Scheduled Job Complete: frappe.deferred_insert.save_to_db for erp.thanhtin.com
2022-01-18 11:12:06,578 INFO scheduler Scheduled Job Start: frappe.desk.page.backups.backups.delete_downloadable_backups for erp.thanhtin.com
2022-01-18 11:12:06,945 INFO scheduler Scheduled Job Complete: frappe.desk.page.backups.backups.delete_downloadable_backups for erp.thanhtin.com
2022-01-18 11:12:07,071 INFO scheduler Scheduled Job Start: frappe.utils.error.collect_error_snapshots for erp.thanhtin.com
2022-01-18 11:12:07,817 INFO scheduler Scheduled Job Complete: frappe.utils.error.collect_error_snapshots for erp.thanhtin.com
2022-01-18 11:12:07,997 INFO scheduler Scheduled Job Start: frappe.model.utils.user_settings.sync_user_settings for erp.thanhtin.com
2022-01-18 11:12:09,258 INFO scheduler Scheduled Job Complete: frappe.model.utils.user_settings.sync_user_settings for erp.thanhtin.com
2022-01-18 11:12:09,601 INFO scheduler Scheduled Job Start: frappe.model.utils.link_count.update_link_count for erp.thanhtin.com
2022-01-18 11:12:10,687 INFO scheduler Scheduled Job Complete: frappe.model.utils.link_count.update_link_count for erp.thanhtin.com
2022-01-18 11:12:10,870 INFO scheduler Scheduled Job Start: frappe.monitor.flush for erp.thanhtin.com
2022-01-18 11:12:11,437 INFO scheduler Scheduled Job Complete: frappe.monitor.flush for erp.thanhtin.com
2022-01-18 11:12:11,698 INFO scheduler Scheduled Job Start: frappe.utils.global_search.sync_global_search for erp.thanhtin.com
2022-01-18 11:12:12,262 INFO scheduler Scheduled Job Complete: frappe.utils.global_search.sync_global_search for erp.thanhtin.com
2022-01-18 11:12:12,499 INFO scheduler Scheduled Job Start: frappe.integrations.doctype.razorpay_settings.razorpay_settings.capture_payment for erp.thanhtin.com
2022-01-18 11:12:13,710 INFO scheduler Scheduled Job Complete: frappe.integrations.doctype.razorpay_settings.razorpay_settings.capture_payment for erp.thanhtin.com
2022-01-18 11:12:13,951 INFO scheduler Scheduled Job Start: frappe.email.doctype.email_account.email_account.notify_unreplied for erp.thanhtin.com
2022-01-18 11:12:14,903 INFO scheduler Scheduled Job Complete: frappe.email.doctype.email_account.email_account.notify_unreplied for erp.thanhtin.com
2022-01-18 11:12:15,090 INFO scheduler Scheduled Job Start: frappe.email.doctype.email_account.email_account.pull for erp.thanhtin.com
2022-01-18 11:12:15,741 INFO scheduler Scheduled Job Complete: frappe.email.doctype.email_account.email_account.pull for erp.thanhtin.com
2022-01-18 11:12:15,957 INFO scheduler Scheduled Job Start: frappe.email.queue.flush for erp.thanhtin.com
2022-01-18 11:12:16,774 INFO scheduler Scheduled Job Complete: frappe.email.queue.flush for erp.thanhtin.com
2022-01-18 11:12:17,136 INFO scheduler Scheduled Job Start: frappe.twofactor.delete_all_barcodes_for_users for erp.thanhtin.com
2022-01-18 11:12:18,330 INFO scheduler Scheduled Job Complete: frappe.twofactor.delete_all_barcodes_for_users for erp.thanhtin.com
2022-01-18 11:12:18,726 INFO scheduler Scheduled Job Start: frappe.website.doctype.web_page.web_page.check_publish_status for erp.thanhtin.com
2022-01-18 11:12:20,462 INFO scheduler Scheduled Job Complete: frappe.website.doctype.web_page.web_page.check_publish_status for erp.thanhtin.com
2022-01-18 11:12:20,700 INFO scheduler Scheduled Job Start: frappe.oauth.delete_oauth2_data for erp.thanhtin.com
2022-01-18 11:12:21,775 INFO scheduler Scheduled Job Complete: frappe.oauth.delete_oauth2_data for erp.thanhtin.com
2022-01-18 11:13:01,474 DEBUG scheduler Queued events for site erp.thanhtin.com
2022-01-18 11:14:01,829 DEBUG scheduler Queued events for site erp.thanhtin.com
2022-01-18 11:15:02,111 DEBUG scheduler Queued events for site erp.thanhtin.com
2022-01-18 11:16:02,444 DEBUG scheduler Queued events for site erp.thanhtin.com
2022-01-18 11:17:02,932 DEBUG scheduler Queued events for site erp.thanhtin.com
2022-01-18 11:18:03,384 DEBUG scheduler Queued events for site erp.thanhtin.com
2022-01-18 11:19:03,647 DEBUG scheduler Queued events for site erp.thanhtin.com
2022-01-18 11:20:03,896 DEBUG scheduler Queued events for site erp.thanhtin.com
2022-01-18 11:21:04,313 DEBUG scheduler Queued events for site erp.thanhtin.com
2022-01-18 11:22:04,598 DEBUG scheduler Queued events for site erp.thanhtin.com
2022-01-18 11:23:04,862 DEBUG scheduler Queued events for site erp.thanhtin.com
2022-01-18 11:24:05,098 DEBUG scheduler Queued events for site erp.thanhtin.com
2022-01-18 11:25:05,513 DEBUG scheduler Queued events for site erp.thanhtin.com
2022-01-18 11:26:05,792 DEBUG scheduler Queued events for site erp.thanhtin.com
2022-01-18 11:27:06,046 DEBUG scheduler Queued events for site erp.thanhtin.com
2022-01-18 11:28:06,333 DEBUG scheduler Queued events for site erp.thanhtin.com
2022-01-18 11:29:06,729 DEBUG scheduler Queued events for site erp.thanhtin.com
2022-01-18 11:30:07,029 DEBUG scheduler Queued events for site erp.thanhtin.com
2022-01-18 11:31:07,401 DEBUG scheduler Queued events for site erp.thanhtin.com
2022-01-18 11:32:07,680 DEBUG scheduler Queued events for site erp.thanhtin.com
2022-01-18 11:33:08,084 DEBUG scheduler Queued events for site erp.thanhtin.com
2022-01-18 11:34:08,338 DEBUG scheduler Queued events for site erp.thanhtin.com
2022-01-18 11:35:08,592 DEBUG scheduler Queued events for site erp.thanhtin.com
2022-01-18 11:36:08,862 DEBUG scheduler Queued events for site erp.thanhtin.com
2022-01-18 11:37:09,271 DEBUG scheduler Queued events for site erp.thanhtin.com
2022-01-18 11:38:09,604 DEBUG scheduler Queued events for site erp.thanhtin.com
2022-01-18 11:39:09,935 DEBUG scheduler Queued events for site erp.thanhtin.com
2022-01-18 11:40:10,180 DEBUG scheduler Queued events for site erp.thanhtin.com
2022-01-18 11:41:10,635 DEBUG scheduler Queued events for site erp.thanhtin.com
2022-01-18 11:42:10,931 DEBUG scheduler Queued events for site erp.thanhtin.com
2022-01-18 11:43:11,265 DEBUG scheduler Queued events for site erp.thanhtin.com
2022-01-18 11:44:11,871 DEBUG scheduler Queued events for site erp.thanhtin.com
2022-01-18 11:45:12,425 DEBUG scheduler Queued events for site erp.thanhtin.com
2022-01-18 11:46:12,946 DEBUG scheduler Queued events for site erp.thanhtin.com
2022-01-18 11:47:13,218 DEBUG scheduler Queued events for site erp.thanhtin.com
2022-01-18 11:48:13,478 DEBUG scheduler Queued events for site erp.thanhtin.com
2022-01-18 11:49:13,906 DEBUG scheduler Queued events for site erp.thanhtin.com
2022-01-18 11:50:14,224 DEBUG scheduler Queued events for site erp.thanhtin.com
2022-01-18 11:51:14,690 DEBUG scheduler Queued events for site erp.thanhtin.com
2022-01-18 11:52:15,030 DEBUG scheduler Queued events for site erp.thanhtin.com
2022-01-18 11:53:15,633 DEBUG scheduler Queued events for site erp.thanhtin.com
2022-01-18 11:55:06,105 DEBUG scheduler Queued events for site erp.thanhtin.com
2022-01-18 11:56:06,746 DEBUG scheduler Queued events for site erp.thanhtin.com
2022-01-18 11:57:07,421 DEBUG scheduler Queued events for site erp.thanhtin.com
2022-01-18 11:58:08,123 DEBUG scheduler Queued events for site erp.thanhtin.com
2022-01-18 11:59:08,772 DEBUG scheduler Queued events for site erp.thanhtin.com
2022-01-18 12:00:09,985 DEBUG scheduler Queued events for site erp.thanhtin.com
2022-01-18 12:01:44,507 DEBUG scheduler Queued events for site erp.thanhtin.com
2022-01-18 12:02:46,106 DEBUG scheduler Queued events for site erp.thanhtin.com
2022-01-18 12:03:46,376 DEBUG scheduler Queued events for site erp.thanhtin.com
2022-01-18 12:04:46,662 DEBUG scheduler Queued events for site erp.thanhtin.com
2022-01-18 12:05:47,104 DEBUG scheduler Queued events for site erp.thanhtin.com
2022-01-18 12:06:47,398 DEBUG scheduler Queued events for site erp.thanhtin.com
2022-01-18 12:07:47,658 DEBUG scheduler Queued events for site erp.thanhtin.com
2022-01-18 12:08:47,910 DEBUG scheduler Queued events for site erp.thanhtin.com
2022-01-18 12:12:30,502 DEBUG scheduler Queued events for site erp.thanhtin.com
2022-01-18 12:13:31,331 DEBUG scheduler Queued events for site erp.thanhtin.com
2022-01-18 12:14:31,751 DEBUG scheduler Queued events for site erp.thanhtin.com
2022-01-18 12:15:31,999 DEBUG scheduler Queued events for site erp.thanhtin.com
2022-01-18 12:16:32,332 DEBUG scheduler Queued events for site erp.thanhtin.com
2022-01-18 12:17:32,790 DEBUG scheduler Queued events for site erp.thanhtin.com
2022-01-18 12:18:33,103 DEBUG scheduler Queued events for site erp.thanhtin.com
2022-01-18 12:19:33,358 DEBUG scheduler Queued events for site erp.thanhtin.com
2022-01-18 13:03:22,839 DEBUG scheduler Queued events for site erp.thanhtin.com
2022-01-18 13:04:24,473 DEBUG scheduler Queued events for site erp.thanhtin.com
2022-01-18 13:05:25,497 DEBUG scheduler Queued events for site erp.thanhtin.com
2022-01-18 13:06:26,137 DEBUG scheduler Queued events for site erp.thanhtin.com
2022-01-18 13:07:26,428 DEBUG scheduler Queued events for site erp.thanhtin.com
2022-01-18 13:08:26,756 DEBUG scheduler Queued events for site erp.thanhtin.com
2022-01-18 13:09:27,375 DEBUG scheduler Queued events for site erp.thanhtin.com
2022-01-18 13:10:27,706 DEBUG scheduler Queued events for site erp.thanhtin.com
2022-01-18 13:11:27,990 DEBUG scheduler Queued events for site erp.thanhtin.com
2022-01-18 13:12:28,350 DEBUG scheduler Queued events for site erp.thanhtin.com
2022-01-18 13:13:29,421 DEBUG scheduler Queued events for site erp.thanhtin.com
2022-01-18 13:14:29,753 DEBUG scheduler Queued events for site erp.thanhtin.com
2022-01-18 13:15:30,022 DEBUG scheduler Queued events for site erp.thanhtin.com
2022-01-18 13:16:30,357 DEBUG scheduler Queued events for site erp.thanhtin.com
2022-01-18 13:17:30,791 DEBUG scheduler Queued events for site erp.thanhtin.com
2022-01-18 13:18:31,068 DEBUG scheduler Queued events for site erp.thanhtin.com
2022-01-18 13:19:31,353 DEBUG scheduler Queued events for site erp.thanhtin.com
2022-01-18 13:20:31,609 DEBUG scheduler Queued events for site erp.thanhtin.com
2022-01-18 13:21:32,028 DEBUG scheduler Queued events for site erp.thanhtin.com
2022-01-18 13:22:32,299 DEBUG scheduler Queued events for site erp.thanhtin.com
2022-01-18 13:23:32,543 DEBUG scheduler Queued events for site erp.thanhtin.com
2022-01-18 13:24:32,811 DEBUG scheduler Queued events for site erp.thanhtin.com
2022-01-18 13:25:33,216 DEBUG scheduler Queued events for site erp.thanhtin.com
2022-01-18 13:26:33,487 DEBUG scheduler Queued events for site erp.thanhtin.com
2022-01-18 13:27:33,735 DEBUG scheduler Queued events for site erp.thanhtin.com
2022-01-18 13:28:33,982 DEBUG scheduler Queued events for site erp.thanhtin.com
2022-01-18 13:29:34,476 DEBUG scheduler Queued events for site erp.thanhtin.com
2022-01-18 13:30:34,885 DEBUG scheduler Queued events for site erp.thanhtin.com
2022-01-18 13:31:35,250 DEBUG scheduler Queued events for site erp.thanhtin.com
2022-01-18 13:32:35,536 DEBUG scheduler Queued events for site erp.thanhtin.com
2022-01-18 13:33:36,022 DEBUG scheduler Queued events for site erp.thanhtin.com
2022-01-18 13:34:36,378 DEBUG scheduler Queued events for site erp.thanhtin.com
2022-01-18 13:35:36,656 DEBUG scheduler Queued events for site erp.thanhtin.com
2022-01-18 13:36:36,918 DEBUG scheduler Queued events for site erp.thanhtin.com
2022-01-18 13:37:37,326 DEBUG scheduler Queued events for site erp.thanhtin.com
2022-01-18 13:38:37,628 DEBUG scheduler Queued events for site erp.thanhtin.com
2022-01-18 13:39:37,896 DEBUG scheduler Queued events for site erp.thanhtin.com
2022-01-18 13:40:38,200 DEBUG scheduler Queued events for site erp.thanhtin.com
2022-01-18 13:41:38,751 DEBUG scheduler Queued events for site erp.thanhtin.com
2022-01-18 13:42:39,092 DEBUG scheduler Queued events for site erp.thanhtin.com
2022-01-18 13:43:39,378 DEBUG scheduler Queued events for site erp.thanhtin.com
2022-01-18 13:44:39,646 DEBUG scheduler Queued events for site erp.thanhtin.com
2022-01-18 13:45:40,042 DEBUG scheduler Queued events for site erp.thanhtin.com
2022-01-18 13:46:40,400 DEBUG scheduler Queued events for site erp.thanhtin.com
2022-01-18 13:47:40,671 DEBUG scheduler Queued events for site erp.thanhtin.com
2022-01-18 13:48:40,929 DEBUG scheduler Queued events for site erp.thanhtin.com
2022-01-18 13:49:41,386 DEBUG scheduler Queued events for site erp.thanhtin.com
2022-01-18 13:50:41,663 DEBUG scheduler Queued events for site erp.thanhtin.com
2022-01-18 13:51:41,900 DEBUG scheduler Queued events for site erp.thanhtin.com
2022-01-18 13:52:42,131 DEBUG scheduler Queued events for site erp.thanhtin.com
2022-01-18 13:53:42,562 DEBUG scheduler Queued events for site erp.thanhtin.com
2022-01-18 13:54:42,879 DEBUG scheduler Queued events for site erp.thanhtin.com
2022-01-18 13:55:43,148 DEBUG scheduler Queued events for site erp.thanhtin.com
2022-01-18 13:56:43,406 DEBUG scheduler Queued events for site erp.thanhtin.com
2022-01-18 13:57:43,852 DEBUG scheduler Queued events for site erp.thanhtin.com
2022-01-18 13:58:44,128 DEBUG scheduler Queued events for site erp.thanhtin.com
2022-01-18 13:59:44,389 DEBUG scheduler Queued events for site erp.thanhtin.com
2022-01-18 14:00:44,642 DEBUG scheduler Queued events for site erp.thanhtin.com
2022-01-18 14:01:45,402 DEBUG scheduler Queued events for site erp.thanhtin.com
2022-01-18 14:02:45,774 DEBUG scheduler Queued events for site erp.thanhtin.com
2022-01-18 14:03:46,063 DEBUG scheduler Queued events for site erp.thanhtin.com
2022-01-18 14:04:46,330 DEBUG scheduler Queued events for site erp.thanhtin.com
2022-01-18 14:05:46,741 DEBUG scheduler Queued events for site erp.thanhtin.com
2022-01-18 14:06:47,014 DEBUG scheduler Queued events for site erp.thanhtin.com
2022-01-18 14:07:47,244 DEBUG scheduler Queued events for site erp.thanhtin.com
2022-01-18 14:08:47,503 DEBUG scheduler Queued events for site erp.thanhtin.com
2022-01-18 14:09:47,973 DEBUG scheduler Queued events for site erp.thanhtin.com
2022-01-18 14:10:48,309 DEBUG scheduler Queued events for site erp.thanhtin.com
2022-01-18 14:11:48,585 DEBUG scheduler Queued events for site erp.thanhtin.com
2022-01-18 14:12:48,849 DEBUG scheduler Queued events for site erp.thanhtin.com
2022-01-18 14:13:49,245 DEBUG scheduler Queued events for site erp.thanhtin.com
2022-01-18 14:14:49,554 DEBUG scheduler Queued events for site erp.thanhtin.com
2022-01-18 14:15:50,145 DEBUG scheduler Queued events for site erp.thanhtin.com
2022-01-18 14:16:51,252 DEBUG scheduler Queued events for site erp.thanhtin.com
2022-01-18 14:17:51,665 DEBUG scheduler Queued events for site erp.thanhtin.com
2022-01-18 14:18:51,946 DEBUG scheduler Queued events for site erp.thanhtin.com
2022-01-18 14:19:52,226 DEBUG scheduler Queued events for site erp.thanhtin.com
2022-01-18 14:20:52,487 DEBUG scheduler Queued events for site erp.thanhtin.com
2022-01-18 14:21:52,907 DEBUG scheduler Queued events for site erp.thanhtin.com
2022-01-18 14:22:53,316 DEBUG scheduler Queued events for site erp.thanhtin.com
2022-01-18 14:23:53,611 DEBUG scheduler Queued events for site erp.thanhtin.com
2022-01-18 14:24:53,897 DEBUG scheduler Queued events for site erp.thanhtin.com
2022-01-18 14:25:54,332 DEBUG scheduler Queued events for site erp.thanhtin.com
2022-01-18 14:26:54,671 DEBUG scheduler Queued events for site erp.thanhtin.com
2022-01-18 14:27:54,931 DEBUG scheduler Queued events for site erp.thanhtin.com
2022-01-18 14:28:55,204 DEBUG scheduler Queued events for site erp.thanhtin.com
2022-01-18 14:29:55,672 DEBUG scheduler Queued events for site erp.thanhtin.com
2022-01-18 14:30:55,977 DEBUG scheduler Queued events for site erp.thanhtin.com
2022-01-18 14:31:56,330 DEBUG scheduler Queued events for site erp.thanhtin.com
2022-01-18 14:32:56,617 DEBUG scheduler Queued events for site erp.thanhtin.com
2022-01-18 14:33:57,050 DEBUG scheduler Queued events for site erp.thanhtin.com
2022-01-18 14:34:57,366 DEBUG scheduler Queued events for site erp.thanhtin.com
2022-01-18 14:35:57,616 DEBUG scheduler Queued events for site erp.thanhtin.com
2022-01-18 14:36:57,882 DEBUG scheduler Queued events for site erp.thanhtin.com
2022-01-18 14:37:58,311 DEBUG scheduler Queued events for site erp.thanhtin.com
2022-01-18 14:38:58,610 DEBUG scheduler Queued events for site erp.thanhtin.com
2022-01-18 14:39:58,898 DEBUG scheduler Queued events for site erp.thanhtin.com
2022-01-18 14:40:59,208 DEBUG scheduler Queued events for site erp.thanhtin.com
2022-01-18 14:41:59,710 DEBUG scheduler Queued events for site erp.thanhtin.com
2022-01-18 14:43:00,032 DEBUG scheduler Queued events for site erp.thanhtin.com
2022-01-18 14:44:00,286 DEBUG scheduler Queued events for site erp.thanhtin.com
2022-01-18 14:45:00,722 DEBUG scheduler Queued events for site erp.thanhtin.com
2022-01-18 14:46:01,149 DEBUG scheduler Queued events for site erp.thanhtin.com
2022-01-18 14:47:01,521 DEBUG scheduler Queued events for site erp.thanhtin.com
2022-01-18 14:48:01,797 DEBUG scheduler Queued events for site erp.thanhtin.com
2022-01-18 14:49:02,309 DEBUG scheduler Queued events for site erp.thanhtin.com
2022-01-18 14:50:02,583 DEBUG scheduler Queued events for site erp.thanhtin.com
2022-01-18 14:51:02,843 DEBUG scheduler Queued events for site erp.thanhtin.com
2022-01-18 14:52:03,219 DEBUG scheduler Queued events for site erp.thanhtin.com
2022-01-18 14:53:03,673 DEBUG scheduler Queued events for site erp.thanhtin.com
2022-01-18 14:54:03,966 DEBUG scheduler Queued events for site erp.thanhtin.com
2022-01-18 14:55:04,244 DEBUG scheduler Queued events for site erp.thanhtin.com
2022-01-18 14:56:04,537 DEBUG scheduler Queued events for site erp.thanhtin.com
2022-01-18 14:57:04,952 DEBUG scheduler Queued events for site erp.thanhtin.com
2022-01-18 14:58:05,254 DEBUG scheduler Queued events for site erp.thanhtin.com
2022-01-18 14:59:05,582 DEBUG scheduler Queued events for site erp.thanhtin.com
2022-01-18 15:00:05,913 DEBUG scheduler Queued events for site erp.thanhtin.com
2022-01-18 15:01:06,861 DEBUG scheduler Queued events for site erp.thanhtin.com
2022-01-18 15:02:07,175 DEBUG scheduler Queued events for site erp.thanhtin.com
2022-01-18 15:03:07,458 DEBUG scheduler Queued events for site erp.thanhtin.com
2022-01-18 15:04:07,810 DEBUG scheduler Queued events for site erp.thanhtin.com
2022-01-18 15:05:08,861 DEBUG scheduler Queued events for site erp.thanhtin.com
2022-01-18 15:06:09,543 DEBUG scheduler Queued events for site erp.thanhtin.com
2022-01-18 15:07:09,969 DEBUG scheduler Queued events for site erp.thanhtin.com
2022-01-18 15:08:10,240 DEBUG scheduler Queued events for site erp.thanhtin.com
2022-01-18 15:09:10,683 DEBUG scheduler Queued events for site erp.thanhtin.com
2022-01-18 15:10:11,199 DEBUG scheduler Queued events for site erp.thanhtin.com
2022-01-18 15:11:12,000 DEBUG scheduler Queued events for site erp.thanhtin.com
2022-01-18 15:12:12,275 DEBUG scheduler Queued events for site erp.thanhtin.com
2022-01-18 15:13:12,866 DEBUG scheduler Queued events for site erp.thanhtin.com
2022-01-18 15:14:13,278 DEBUG scheduler Queued events for site erp.thanhtin.com
2022-01-18 15:15:14,225 DEBUG scheduler Queued events for site erp.thanhtin.com
2022-01-18 15:16:14,576 DEBUG scheduler Queued events for site erp.thanhtin.com
2022-01-18 15:17:15,047 DEBUG scheduler Queued events for site erp.thanhtin.com
2022-01-18 15:18:15,360 DEBUG scheduler Queued events for site erp.thanhtin.com
2022-01-18 15:19:15,631 DEBUG scheduler Queued events for site erp.thanhtin.com
2022-01-18 15:20:15,928 DEBUG scheduler Queued events for site erp.thanhtin.com
2022-01-18 15:21:16,561 DEBUG scheduler Queued events for site erp.thanhtin.com
2022-01-18 15:22:16,863 DEBUG scheduler Queued events for site erp.thanhtin.com
2022-01-18 15:23:17,156 DEBUG scheduler Queued events for site erp.thanhtin.com
2022-01-18 15:24:17,414 DEBUG scheduler Queued events for site erp.thanhtin.com
2022-01-18 15:25:17,986 DEBUG scheduler Queued events for site erp.thanhtin.com
2022-01-18 15:26:18,435 DEBUG scheduler Queued events for site erp.thanhtin.com
2022-01-18 15:27:19,245 DEBUG scheduler Queued events for site erp.thanhtin.com
2022-01-18 15:28:19,637 DEBUG scheduler Queued events for site erp.thanhtin.com
2022-01-18 15:29:20,189 DEBUG scheduler Queued events for site erp.thanhtin.com
2022-01-18 15:30:20,495 DEBUG scheduler Queued events for site erp.thanhtin.com
2022-01-18 15:31:21,243 DEBUG scheduler Queued events for site erp.thanhtin.com
2022-01-18 15:32:21,665 DEBUG scheduler Queued events for site erp.thanhtin.com
2022-01-18 15:33:22,304 DEBUG scheduler Queued events for site erp.thanhtin.com
2022-01-18 15:34:22,696 DEBUG scheduler Queued events for site erp.thanhtin.com
2022-01-18 15:35:22,971 DEBUG scheduler Queued events for site erp.thanhtin.com
2022-01-18 15:36:23,275 DEBUG scheduler Queued events for site erp.thanhtin.com
2022-01-18 15:37:23,887 DEBUG scheduler Queued events for site erp.thanhtin.com
2022-01-18 15:38:24,624 DEBUG scheduler Queued events for site erp.thanhtin.com
2022-01-18 15:39:24,904 DEBUG scheduler Queued events for site erp.thanhtin.com
2022-01-18 15:40:25,375 DEBUG scheduler Queued events for site erp.thanhtin.com
2022-01-18 15:41:26,502 DEBUG scheduler Queued events for site erp.thanhtin.com
2022-01-18 15:42:27,524 DEBUG scheduler Queued events for site erp.thanhtin.com
2022-01-18 15:43:28,227 DEBUG scheduler Queued events for site erp.thanhtin.com
2022-01-18 15:44:28,493 DEBUG scheduler Queued events for site erp.thanhtin.com
2022-01-18 15:45:28,989 DEBUG scheduler Queued events for site erp.thanhtin.com
2022-01-18 15:46:29,463 DEBUG scheduler Queued events for site erp.thanhtin.com
2022-01-18 15:47:29,926 DEBUG scheduler Queued events for site erp.thanhtin.com
2022-01-18 15:48:30,421 DEBUG scheduler Queued events for site erp.thanhtin.com
